Done. Made 3 targets from 6 files in 2ms
ninja: Entering directory `./out/'
[1/6] CXX obj/src/libhello_shared.hello_shared.o
[2/6] CXX obj/src/libhello_static.hello_static.o
[3/6] AR libs/libhello_static.a
[4/6] CXX obj/src/hello.hello.o
[5/6] SOLINK ./bin/libhello_shared.so
[6/6] LINK ./bin/hello
Done. Made 3 targets from 6 files in 2ms
ninja: Entering directory `./out/'
[1/6] clang++ obj/src/hello_shared.o
[2/6] clang++ obj/src/hello_static.o
[3/6] AR libs/libhello_static.a
[4/6] clang++ obj/src/hello.o
[5/6] SOLINK ./libhello_shared.so
FAILED: libhello_shared.so 
clang -shared -lc -Wl,-z,now -Wl,-z,relro -Wl,-z,noexecstack -L/opt/openharmony/tools/llvm/lib/clang/9.0.0/lib/x86_64-linux-ohos -lclang_rt.builtins -lc -lc++ -lc++abi obj/src/hello_shared.o -o ./libhello_shared.so && llvm-objcopy  --strip-all "./libhello_shared.so" "./libhello_shared.so"
obj/src/hello_shared.o: file not recognized: File format not recognized
clang-9: error: linker command failed with exit code 1 (use -v to see invocation)
ninja: build stopped: subcommand failed.
Done. Made 3 targets from 6 files in 2ms
ninja: Entering directory `./out/'
[1/2] SOLINK ./libhello_shared.so
FAILED: libhello_shared.so 
clang -shared -lc -Wl,-z,now -Wl,-z,relro -Wl,-z,noexecstack -L/opt/openharmony/tools/llvm/lib/clang/9.0.0/lib/x86_64-linux-ohos -lclang_rt.builtins -lc -lc++ -lc++abi obj/src/hello_shared.o -o ./libhello_shared.so && llvm-objcopy  --strip-all "./libhello_shared.so" "./libhello_shared.so"
obj/src/hello_shared.o: file not recognized: File format not recognized
clang-9: error: linker command failed with exit code 1 (use -v to see invocation)
ninja: build stopped: subcommand failed.
Done. Made 3 targets from 6 files in 3ms
ninja: Entering directory `./out/'
ninja: error: '../src/hello_shared.cc', needed by 'obj/src/hello_shared.o', missing and no known rule to make it
Done. Made 2 targets from 6 files in 2ms
ninja: Entering directory `./out/'
[1/4] clang++ obj/src/hello_static.o
[2/4] AR libs/libhello_static.a
[3/4] clang++ obj/src/hello.o
[4/4] LLVM LINK ./bin/hello
FAILED: bin/hello 
clang -lc -Wl,-z,now -Wl,-z,relro -Wl,-z,noexecstack -L/opt/openharmony/tools/llvm/lib/clang/9.0.0/lib/x86_64-linux-ohos -lclang_rt.builtins -lc -lc++ -lc++abi -pie obj/src/hello.o libs/libhello_static.a   -o ./bin/hello && llvm-objcopy  --strip-all ./bin/hello
obj/src/hello.o: file not recognized: File format not recognized
clang-9: error: linker command failed with exit code 1 (use -v to see invocation)
ninja: build stopped: subcommand failed.
Done. Made 3 targets from 6 files in 4ms
ninja: Entering directory `./out/'
[1/3] clang++ obj/src/hello_shared.o
[2/3] SOLINK ./libhello_shared.so
FAILED: libhello_shared.so 
clang -shared -lc -Wl,-z,now -Wl,-z,relro -Wl,-z,noexecstack -L/opt/openharmony/tools/llvm/lib/clang/9.0.0/lib/x86_64-linux-ohos -lclang_rt.builtins -lc -lc++ -lc++abi obj/src/hello_shared.o -o ./libhello_shared.so && llvm-objcopy  --strip-all "./libhello_shared.so" "./libhello_shared.so"
obj/src/hello_shared.o: file not recognized: File format not recognized
clang-9: error: linker command failed with exit code 1 (use -v to see invocation)
ninja: build stopped: subcommand failed.
Done. Made 3 targets from 6 files in 2ms
ninja: Entering directory `./out/'
[1/2] SOLINK ./libhello_shared.so
FAILED: libhello_shared.so 
clang -shared -lc -Wl,-z,now -Wl,-z,relro -Wl,-z,noexecstack -L/opt/openharmony/tools/llvm/lib/clang/9.0.0/lib/x86_64-linux-ohos -lclang_rt.builtins -lc -lc++ -lc++abi obj/src/hello_shared.o -o ./libhello_shared.so && llvm-objcopy  --strip-all "./libhello_shared.so" "./libhello_shared.so"
obj/src/hello_shared.o: file not recognized: File format not recognized
clang-9: error: linker command failed with exit code 1 (use -v to see invocation)
ninja: build stopped: subcommand failed.
Done. Made 3 targets from 6 files in 2ms
ninja: Entering directory `./out/'
[1/2] SOLINK ./libhello_shared.so
FAILED: libhello_shared.so 
clang -shared -lc -Wl,-z,now -Wl,-z,relro -Wl,-z,noexecstack -L/opt/openharmony/tools/llvm/lib/clang/9.0.0/lib/x86_64-linux-ohos -lclang_rt.builtins -lc -lc++ -lc++abi obj/src/hello_shared.o -o ./libhello_shared.so && llvm-objcopy  --strip-all "./libhello_shared.so" "./libhello_shared.so"
obj/src/hello_shared.o: file not recognized: File format not recognized
clang-9: error: linker command failed with exit code 1 (use -v to see invocation)
ninja: build stopped: subcommand failed.
Done. Made 3 targets from 6 files in 2ms
ninja: Entering directory `./out/'
[1/2] SOLINK ./libhello_shared.so
FAILED: libhello_shared.so 
clang -shared -lc -Wl,-z,now -Wl,-z,relro -Wl,-z,noexecstack -L/opt/openharmony/tools/llvm/lib/clang/9.0.0/lib/x86_64-linux-ohos -lclang_rt.builtins -lc -lc++ -lc++abi obj/src/hello_shared.o -o ./libhello_shared.so && llvm-objcopy  --strip-all "./libhello_shared.so" "./libhello_shared.so"
obj/src/hello_shared.o: file not recognized: File format not recognized
clang-9: error: linker command failed with exit code 1 (use -v to see invocation)
ninja: build stopped: subcommand failed.
Done. Made 3 targets from 6 files in 7ms
ninja: Entering directory `./out/'
[1/2] SOLINK ./libhello_shared.so
FAILED: libhello_shared.so 
clang -shared -lc -Wl,-z,now -Wl,-z,relro -Wl,-z,noexecstack -L/opt/openharmony/tools/llvm/lib/clang/9.0.0/lib/x86_64-linux-ohos -lclang_rt.builtins -lc -lc++ -lc++abi obj/src/hello_shared.o -o ./libhello_shared.so && llvm-objcopy  --strip-all "./libhello_shared.so" "./libhello_shared.so"
obj/src/hello_shared.o: file not recognized: File format not recognized
clang-9: error: linker command failed with exit code 1 (use -v to see invocation)
ninja: build stopped: subcommand failed.
Done. Made 3 targets from 6 files in 3ms
ninja: Entering directory `./out/'
[1/6] clang++ obj/src/hello_shared.o
[2/6] clang++ obj/src/hello_static.o
[3/6] AR libs/libhello_static.a
[4/6] clang++ obj/src/hello.o
[5/6] SOLINK ./libhello_shared.so
FAILED: libhello_shared.so 
clang -shared -lc -Wl,-z,now -Wl,-z,relro -Wl,-z,noexecstack -L/opt/openharmony/tools/llvm/lib/clang/9.0.0/lib/x86_64-linux-ohos -lclang_rt.builtins -lc -lc++ -lc++abi obj/src/hello_shared.o -o ./libhello_shared.so && llvm-objcopy  --strip-all "./libhello_shared.so" "./libhello_shared.so"
obj/src/hello_shared.o: file not recognized: File format not recognized
clang-9: error: linker command failed with exit code 1 (use -v to see invocation)
ninja: build stopped: subcommand failed.
Done. Made 3 targets from 6 files in 4ms
ninja: Entering directory `./out/'
[1/6] clang++ obj/src/hello_shared.o
[2/6] clang++ obj/src/hello_static.o
[3/6] clang++ obj/src/hello.o
[4/6] AR libs/libhello_static.a
[5/6] SOLINK ./libhello_shared.so
FAILED: libhello_shared.so 
clang -shared -lc -Wl,-z,now -Wl,-z,relro -Wl,-z,noexecstack -L/opt/openharmony/tools/llvm/lib/clang/9.0.0/lib/x86_64-linux-ohos -lclang_rt.builtins -lc -lc++ -lc++abi obj/src/hello_shared.o -o ./libhello_shared.so && llvm-objcopy  --strip-all "./libhello_shared.so" "./libhello_shared.so"
obj/src/hello_shared.o: file not recognized: File format not recognized
clang-9: error: linker command failed with exit code 1 (use -v to see invocation)
ninja: build stopped: subcommand failed.
Done. Made 3 targets from 6 files in 2ms
ninja: Entering directory `./out/'
[1/2] SOLINK ./libhello_shared.so
FAILED: libhello_shared.so 
clang -shared -lc -Wl,-z,now -Wl,-z,relro -Wl,-z,noexecstack -L/opt/openharmony/tools/llvm/lib/clang/9.0.0/lib/x86_64-linux-ohos -lclang_rt.builtins -lc -lc++ -lc++abi obj/src/hello_shared.o -o ./libhello_shared.so && llvm-objcopy  --strip-all "./libhello_shared.so" "./libhello_shared.so"
obj/src/hello_shared.o: file not recognized: File format not recognized
clang-9: error: linker command failed with exit code 1 (use -v to see invocation)
ninja: build stopped: subcommand failed.
Done. Made 3 targets from 6 files in 2ms
ninja: Entering directory `./out/'
[1/6] clang++ obj/src/hello_shared.o
[2/6] clang++ obj/src/hello_static.o
[3/6] AR libs/libhello_static.a
[4/6] clang++ obj/src/hello.o
[5/6] SOLINK ./libhello_shared.so
FAILED: libhello_shared.so 
clang -shared -lc -Wl,-z,now -Wl,-z,relro -Wl,-z,noexecstack -L/opt/openharmony/tools/llvm/lib/clang/9.0.0/lib/x86_64-linux-ohos -lclang_rt.builtins -lc -lc++ -lc++abi obj/src/hello_shared.o -o ./libhello_shared.so && llvm-objcopy  --strip-all "./libhello_shared.so" "./libhello_shared.so"
obj/src/hello_shared.o: file not recognized: File format not recognized
clang-9: error: linker command failed with exit code 1 (use -v to see invocation)
ninja: build stopped: subcommand failed.
Done. Made 2 targets from 6 files in 4ms
ninja: Entering directory `./out/'
[1/4] clang++ obj/src/hello_static.o
[2/4] AR libs/libhello_static.a
[3/4] clang++ obj/src/hello.o
[4/4] LLVM LINK ./bin/hello
FAILED: bin/hello 
clang -lc -Wl,-z,now -Wl,-z,relro -Wl,-z,noexecstack -L/opt/openharmony/tools/llvm/lib/clang/9.0.0/lib/x86_64-linux-ohos -lclang_rt.builtins -lc -lc++ -lc++abi -pie obj/src/hello.o libs/libhello_static.a   -o ./bin/hello && llvm-objcopy  --strip-all ./bin/hello
obj/src/hello.o: file not recognized: File format not recognized
clang-9: error: linker command failed with exit code 1 (use -v to see invocation)
ninja: build stopped: subcommand failed.
Done. Made 2 targets from 6 files in 3ms
ninja: Entering directory `./out/'
[1/4] clang obj/src/hello_static.o
[2/4] AR libs/libhello_static.a
[3/4] clang obj/src/hello.o
[4/4] LLVM LINK ./bin/hello
FAILED: bin/hello 
clang -lc -Wl,-z,now -Wl,-z,relro -Wl,-z,noexecstack -L/opt/openharmony/tools/llvm/lib/clang/9.0.0/lib/x86_64-linux-ohos -lclang_rt.builtins -lc -lc++ -lc++abi -pie obj/src/hello.o libs/libhello_static.a   -o ./bin/hello && llvm-objcopy  --strip-all ./bin/hello
obj/src/hello.o: file not recognized: File format not recognized
clang-9: error: linker command failed with exit code 1 (use -v to see invocation)
ninja: build stopped: subcommand failed.
Done. Made 2 targets from 6 files in 4ms
ninja: Entering directory `./out/'
[1/4] clang++ obj/src/hello_static.o
[2/4] clang++ obj/src/hello.o
[3/4] AR libs/libhello_static.a
[4/4] LLVM LINK ./bin/hello
FAILED: bin/hello 
clang -lc -Wl,-z,now -Wl,-z,relro -Wl,-z,noexecstack -L/opt/openharmony/tools/llvm/lib/clang/9.0.0/lib/x86_64-linux-ohos -lclang_rt.builtins -lc -lc++ -lc++abi -pie obj/src/hello.o libs/libhello_static.a   -o ./bin/hello && llvm-objcopy  --strip-all ./bin/hello
obj/src/hello.o: file not recognized: File format not recognized
clang-9: error: linker command failed with exit code 1 (use -v to see invocation)
ninja: build stopped: subcommand failed.
Done. Made 2 targets from 6 files in 2ms
ninja: Entering directory `./out/'
[1/1] LLVM LINK ./bin/hello
FAILED: bin/hello 
clang -lc -Wl,-z,now -Wl,-z,relro -Wl,-z,noexecstack -L/opt/openharmony/tools/llvm/lib/clang/9.0.0/lib/x86_64-linux-ohos -lclang_rt.builtins -lc -lc++ -lc++abi -pie obj/src/hello.o libs/libhello_static.a   -o ./bin/hello && llvm-objcopy  --strip-all ./bin/hello
obj/src/hello.o: file not recognized: File format not recognized
clang-9: error: linker command failed with exit code 1 (use -v to see invocation)
ninja: build stopped: subcommand failed.
Done. Made 2 targets from 6 files in 5ms
ninja: Entering directory `./out/'
[1/1] LLVM LINK ./bin/hello
FAILED: bin/hello 
clang -lc -Wl,-z,now -Wl,-z,relro -Wl,-z,noexecstack -L/opt/openharmony/tools/llvm/lib/clang/9.0.0/lib/x86_64-linux-ohos -lclang_rt.builtins -lc -lc++ -lc++abi -pie obj/src/hello.o libs/libhello_static.a   -o ./bin/hello && llvm-objcopy  --strip-all ./bin/hello
obj/src/hello.o: file not recognized: File format not recognized
clang-9: error: linker command failed with exit code 1 (use -v to see invocation)
ninja: build stopped: subcommand failed.
Done. Made 2 targets from 6 files in 4ms
ninja: Entering directory `./out/'
[1/4] clang++ obj/src/hello_static.o
[2/4] clang++ obj/src/hello.o
[3/4] AR libs/libhello_static.a
[4/4] LLVM LINK ./bin/hello
/usr/bin/ld: warning: libunwind.so.1, needed by /opt/openharmony/tools/llvm/bin/../lib/libc++.so, not found (try using -rpath or -rpath-link)
Done. Made 2 targets from 6 files in 4ms
ninja: Entering directory `./out/'
[1/4] clang++ obj/src/hello.o
[2/4] clang++ obj/src/hello_static.o
[3/4] AR libs/libhello_static.a
[4/4] LLVM LINK ./bin/hello
/usr/bin/ld: warning: libunwind.so.1, needed by /opt/openharmony/tools/llvm/bin/../lib/libc++.so, not found (try using -rpath or -rpath-link)
Done. Made 3 targets from 6 files in 4ms
ninja: Entering directory `./out/'
[1/6] clang++ obj/src/hello_shared.o
[2/6] clang++ obj/src/hello.o
[3/6] clang++ obj/src/hello_static.o
[4/6] AR libs/libhello_static.a
[5/6] SOLINK ./libhello_shared.so
[6/6] LLVM LINK ./bin/hello
Done. Made 3 targets from 6 files in 2ms
ninja: Entering directory `./out/'
[1/2] SOLINK ./bin/libhello_shared.so
[2/2] LLVM LINK ./bin/hello
Done. Made 3 targets from 6 files in 6ms
ninja: Entering directory `./out/'
[1/2] clang++ obj/src/hello.o
FAILED: obj/src/hello.o 
clang++ -D_FORTIFY_SOURCE=2 -DOHOS_DEBUG -I/opt/openharmony/tools/llvm/lib/x86_64-linux-ohos/include/c++/v1 -fno-omit-frame-pointer -nostdlib -fno-builtin -Werror -fstack-protector-all -fexceptions -g -fPIE -c ../src/hello.cc -o obj/src/hello.o
../src/hello.cc:10:37: error: use of undeclared identifier 'GetSharedText'; did you mean 'GetStaticText'?
  printf("%s %s\n", GetStaticText(),GetSharedText());
                                    ^~~~~~~~~~~~~
                                    GetStaticText
../src/../src/hello_static.h:8:13: note: 'GetStaticText' declared here
const char* GetStaticText();
            ^
1 error generated.
ninja: build stopped: subcommand failed.
Done. Made 3 targets from 6 files in 2ms
ninja: Entering directory `./out/'
[1/2] clang++ obj/src/hello.o
[2/2] LLVM LINK ./bin/hello
Done. Made 3 targets from 6 files in 4ms
ninja: Entering directory `./out/'
[1/6] clang++ obj/src/hello_shared.o
[2/6] clang++ obj/src/hello.o
[3/6] clang++ obj/src/hello_static.o
[4/6] AR libs/libhello_static.a
[5/6] SOLINK ./bin/libhello_shared.so
[6/6] LLVM LINK ./bin/hello
Done. Made 3 targets from 6 files in 2ms
ninja: Entering directory `./out/'
[1/6] clang++ obj/src/hello_shared.o
[2/6] clang++ obj/src/hello_static.o
[3/6] clang++ obj/src/hello.o
[4/6] AR libs/libhello_static.a
[5/6] SOLINK ./binhello_shared.so
[6/6] LLVM LINK ./bin/hello
Done. Made 3 targets from 6 files in 2ms
ninja: Entering directory `./out/'
[1/2] SOLINK ./bin/libhello_shared.so
[2/2] LLVM LINK ./bin/hello
Done. Made 3 targets from 6 files in 10ms
ninja: Entering directory `./out/'
[1/6] clang++ obj/src/hello_static.o
[2/6] clang++ obj/src/hello_shared.o
[3/6] AR libs/libhello_static.a
[4/6] clang++ obj/src/hello.o
[5/6] SOLINK ./bin/libhello_shared.so
[6/6] LLVM LINK ./bin/hello
Done. Made 3 targets from 6 files in 2ms
ninja: Entering directory `./out/'
[1/6] clang++ obj/src/hello_shared.o
[2/6] clang++ obj/src/hello_static.o
[3/6] AR libs/libhello_static.a
[4/6] clang++ obj/src/hello.o
[5/6] SOLINK ./bin/libhello_shared.so
[6/6] LLVM LINK ./bin/hello
Done. Made 3 targets from 6 files in 4ms
ninja: Entering directory `./out/'
[1/6] clang++ obj/src/hello_static.o
[2/6] AR libs/libhello_static.a
[3/6] clang++ obj/src/hello_shared.o
[4/6] clang++ obj/src/hello.o
[5/6] SOLINK ./libhello_shared.so
[6/6] LLVM LINK ./bin/hello
Done. Made 3 targets from 6 files in 1ms
ninja: Entering directory `./out/'
[1/6] clang++ obj/src/hello_shared.o
[2/6] clang++ obj/src/hello.o
[3/6] clang++ obj/src/hello_static.o
[4/6] AR libs/libhello_static.a
[5/6] SOLINK ./bin/libhello_shared.so
[6/6] LLVM LINK ./bin/hello
Done. Made 3 targets from 6 files in 2ms
ninja: Entering directory `./out/'
[1/6] clang++ obj/src/hello_shared.o
[2/6] clang++ obj/src/hello.o
[3/6] clang++ obj/src/hello_static.o
[4/6] AR libs/libhello_static.a
[5/6] SOLINK ./bin/libhello_shared.so
[6/6] LLVM LINK ./bin/hello
